[2023-10-10 11:14:11:1411] [31merror[39m: [31mError message from the centralized error-handling component User account with email already exists[39m
[2023-10-10 11:14:38:1438] [31merror[39m: [31mError message from the centralized error-handling component User account with email already exists[39m
[2023-10-10 11:16:07:167] [31merror[39m: [31mError message from the centralized error-handling component User account with email already exists[39m
[2023-10-10 11:20:02:202] [31merror[39m: [31mError message from the centralized error-handling component User account with email already exists[39m
[2023-10-10 11:20:33:2033] [31merror[39m: [31mError message from the centralized error-handling component User account with email already exists[39m
[2023-10-10 11:25:23:2523] [31merror[39m: [31mError message from the centralized error-handling component User account with email already exists[39m
[2023-10-10 11:34:48:3448] [31merror[39m: [31mError message from the centralized error-handling component User account with email already exists[39m
[2023-10-10 13:01:31:131] [31merror[39m: [31mCONFLICT: User account with email already exists[39m
[31m    at new BaseError (file:///home/puppetmaster/Desktop/projects/jobBoard/app/config/error.js:10:11)[39m
[31m    at new APIError (file:///home/puppetmaster/Desktop/projects/jobBoard/app/config/error.js:21:5)[39m
[31m    at file:///home/puppetmaster/Desktop/projects/jobBoard/app/controllers/users.constroller.js:39:11[39m
[31m    at process.processTicksAndRejections (node:internal/process/task_queues:95:5)[39m
[2023-10-10 13:06:43:643] [31merror[39m: [31mCONFLICT: User account with email already exists[39m
[31m    at new BaseError (file:///home/puppetmaster/Desktop/projects/jobBoard/app/config/error.js:10:11)[39m
[31m    at new APIError (file:///home/puppetmaster/Desktop/projects/jobBoard/app/config/error.js:21:5)[39m
[31m    at file:///home/puppetmaster/Desktop/projects/jobBoard/app/controllers/users.constroller.js:39:11[39m
[31m    at process.processTicksAndRejections (node:internal/process/task_queues:95:5)[39m
[2023-10-10 13:08:53:853] [31merror[39m: [31mCONFLICT: User account with email already exists[39m
[31m    at new BaseError (file:///home/puppetmaster/Desktop/projects/jobBoard/app/config/error.js:10:11)[39m
[31m    at new APIError (file:///home/puppetmaster/Desktop/projects/jobBoard/app/config/error.js:21:5)[39m
[31m    at file:///home/puppetmaster/Desktop/projects/jobBoard/app/controllers/users.constroller.js:39:11[39m
[31m    at process.processTicksAndRejections (node:internal/process/task_queues:95:5)[39m
[2023-10-10 13:12:33:1233] [31merror[39m: [31mCONFLICT: User account with email already exists[39m
[31m    at new BaseError (file:///home/puppetmaster/Desktop/projects/jobBoard/app/config/error.js:10:11)[39m
[31m    at new APIError (file:///home/puppetmaster/Desktop/projects/jobBoard/app/config/error.js:21:5)[39m
[31m    at file:///home/puppetmaster/Desktop/projects/jobBoard/app/controllers/users.constroller.js:39:11[39m
[31m    at process.processTicksAndRejections (node:internal/process/task_queues:95:5)[39m
[2023-10-10 13:16:42:1642] [31merror[39m: [31mCONFLICT: User account with email already exists[39m
[31m    at new BaseError (file:///home/puppetmaster/Desktop/projects/jobBoard/app/config/error.js:10:11)[39m
[31m    at new APIError (file:///home/puppetmaster/Desktop/projects/jobBoard/app/config/error.js:21:5)[39m
[31m    at file:///home/puppetmaster/Desktop/projects/jobBoard/app/controllers/users.constroller.js:39:11[39m
[31m    at process.processTicksAndRejections (node:internal/process/task_queues:95:5)[39m
[2023-10-10 20:21:01:211] [31merror[39m: [31mSequelizeConnectionError: connect ENETUNREACH 18.203.249.221:5432[39m
[31m    at Client._connectionCallback (/home/puppetmaster/Desktop/projects/jobBoard/node_modules/sequelize/lib/dialects/postgres/connection-manager.js:143:24)[39m
[31m    at Client._handleErrorWhileConnecting (/home/puppetmaster/Desktop/projects/jobBoard/node_modules/pg/lib/client.js:327:19)[39m
[31m    at Client._handleErrorEvent (/home/puppetmaster/Desktop/projects/jobBoard/node_modules/pg/lib/client.js:337:19)[39m
[31m    at Connection.emit (node:events:514:28)[39m
[31m    at Socket.reportStreamError (/home/puppetmaster/Desktop/projects/jobBoard/node_modules/pg/lib/connection.js:58:12)[39m
[31m    at Socket.emit (node:events:514:28)[39m
[31m    at emitErrorNT (node:internal/streams/destroy:151:8)[39m
[31m    at emitErrorCloseNT (node:internal/streams/destroy:116:3)[39m
[31m    at process.processTicksAndRejections (node:internal/process/task_queues:82:21)[39m
[2023-10-10 20:24:15:2415] [31merror[39m: [31mFailed to connect to database connect ENETUNREACH 18.203.249.221:5432[39m
[2023-10-10 20:28:20:2820] [31merror[39m: [31mSequelizeConnectionError: connect ENETUNREACH 18.203.249.221:5432[39m
[31m    at Client._connectionCallback (/home/puppetmaster/Desktop/projects/jobBoard/node_modules/sequelize/lib/dialects/postgres/connection-manager.js:143:24)[39m
[31m    at Client._handleErrorWhileConnecting (/home/puppetmaster/Desktop/projects/jobBoard/node_modules/pg/lib/client.js:327:19)[39m
[31m    at Client._handleErrorEvent (/home/puppetmaster/Desktop/projects/jobBoard/node_modules/pg/lib/client.js:337:19)[39m
[31m    at Connection.emit (node:events:514:28)[39m
[31m    at Socket.reportStreamError (/home/puppetmaster/Desktop/projects/jobBoard/node_modules/pg/lib/connection.js:58:12)[39m
[31m    at Socket.emit (node:events:514:28)[39m
[31m    at emitErrorNT (node:internal/streams/destroy:151:8)[39m
[31m    at emitErrorCloseNT (node:internal/streams/destroy:116:3)[39m
[31m    at process.processTicksAndRejections (node:internal/process/task_queues:82:21)[39m
[2023-10-10 20:30:31:3031] [31merror[39m: [31mSequelizeConnectionError: getaddrinfo EAI_AGAIN tai.db.elephantsql.com[39m
[31m    at Client._connectionCallback (/home/puppetmaster/Desktop/projects/jobBoard/node_modules/sequelize/lib/dialects/postgres/connection-manager.js:143:24)[39m
[31m    at Client._handleErrorWhileConnecting (/home/puppetmaster/Desktop/projects/jobBoard/node_modules/pg/lib/client.js:327:19)[39m
[31m    at Client._handleErrorEvent (/home/puppetmaster/Desktop/projects/jobBoard/node_modules/pg/lib/client.js:337:19)[39m
[31m    at Connection.emit (node:events:514:28)[39m
[31m    at Socket.reportStreamError (/home/puppetmaster/Desktop/projects/jobBoard/node_modules/pg/lib/connection.js:58:12)[39m
[31m    at Socket.emit (node:events:514:28)[39m
[31m    at emitErrorNT (node:internal/streams/destroy:151:8)[39m
[31m    at emitErrorCloseNT (node:internal/streams/destroy:116:3)[39m
[31m    at process.processTicksAndRejections (node:internal/process/task_queues:82:21)[39m
[2023-10-10 20:31:42:3142] [31merror[39m: [31mFailed to connect to database getaddrinfo EAI_AGAIN tai.db.elephantsql.com[39m
[2023-10-10 20:32:35:3235] [31merror[39m: [31mSequelizeConnectionError: connect ENETUNREACH 18.203.249.221:5432[39m
[31m    at Client._connectionCallback (/home/puppetmaster/Desktop/projects/jobBoard/node_modules/sequelize/lib/dialects/postgres/connection-manager.js:143:24)[39m
[31m    at Client._handleErrorWhileConnecting (/home/puppetmaster/Desktop/projects/jobBoard/node_modules/pg/lib/client.js:327:19)[39m
[31m    at Client._handleErrorEvent (/home/puppetmaster/Desktop/projects/jobBoard/node_modules/pg/lib/client.js:337:19)[39m
[31m    at Connection.emit (node:events:514:28)[39m
[31m    at Socket.reportStreamError (/home/puppetmaster/Desktop/projects/jobBoard/node_modules/pg/lib/connection.js:58:12)[39m
[31m    at Socket.emit (node:events:514:28)[39m
[31m    at emitErrorNT (node:internal/streams/destroy:151:8)[39m
[31m    at emitErrorCloseNT (node:internal/streams/destroy:116:3)[39m
[31m    at process.processTicksAndRejections (node:internal/process/task_queues:82:21)[39m
[2023-10-10 20:35:28:3528] [31merror[39m: [31mNOT FOUND: Job posting not found[39m
[31m    at new BaseError (file:///home/puppetmaster/Desktop/projects/jobBoard/app/config/error.js:10:11)[39m
[31m    at new APIError (file:///home/puppetmaster/Desktop/projects/jobBoard/app/config/error.js:21:5)[39m
[31m    at getJobById (file:///home/puppetmaster/Desktop/projects/jobBoard/app/services/jobPosting.service.js:8:11)[39m
[31m    at process.processTicksAndRejections (node:internal/process/task_queues:95:5)[39m
[31m    at async file:///home/puppetmaster/Desktop/projects/jobBoard/app/controllers/jobPostings.controller.js:16:15[39m
[2023-10-10 20:50:10:5010] [31merror[39m: [31mUNAUTHORIZED: You do not have permissions to access this resource[39m
[31m    at new BaseError (file:///home/puppetmaster/Desktop/projects/jobBoard/app/config/error.js:10:11)[39m
[31m    at new APIError (file:///home/puppetmaster/Desktop/projects/jobBoard/app/config/error.js:21:5)[39m
[31m    at file:///home/puppetmaster/Desktop/projects/jobBoard/app/controllers/jobPostings.controller.js:51:11[39m
[31m    at asyncUtilWrap (/home/puppetmaster/Desktop/projects/jobBoard/node_modules/express-async-handler/index.js:3:20)[39m
[31m    at Layer.handle [as handle_request] (/home/puppetmaster/Desktop/projects/jobBoard/node_modules/express/lib/router/layer.js:95:5)[39m
[31m    at next (/home/puppetmaster/Desktop/projects/jobBoard/node_modules/express/lib/router/route.js:144:13)[39m
[31m    at Route.dispatch (/home/puppetmaster/Desktop/projects/jobBoard/node_modules/express/lib/router/route.js:114:3)[39m
[31m    at Layer.handle [as handle_request] (/home/puppetmaster/Desktop/projects/jobBoard/node_modules/express/lib/router/layer.js:95:5)[39m
[31m    at /home/puppetmaster/Desktop/projects/jobBoard/node_modules/express/lib/router/index.js:284:15[39m
[31m    at Function.process_params (/home/puppetmaster/Desktop/projects/jobBoard/node_modules/express/lib/router/index.js:346:12)[39m
[2023-10-10 20:55:18:5518] [31merror[39m: [31mNOT FOUND: Job posting not found[39m
[31m    at new BaseError (file:///home/puppetmaster/Desktop/projects/jobBoard/app/config/error.js:10:11)[39m
[31m    at new APIError (file:///home/puppetmaster/Desktop/projects/jobBoard/app/config/error.js:21:5)[39m
[31m    at getJobById (file:///home/puppetmaster/Desktop/projects/jobBoard/app/services/jobPosting.service.js:8:11)[39m
[31m    at process.processTicksAndRejections (node:internal/process/task_queues:95:5)[39m
[31m    at async file:///home/puppetmaster/Desktop/projects/jobBoard/app/controllers/jobPostings.controller.js:16:15[39m
[2023-10-10 20:55:46:5546] [31merror[39m: [31mNOT FOUND: Job posting not found[39m
[31m    at new BaseError (file:///home/puppetmaster/Desktop/projects/jobBoard/app/config/error.js:10:11)[39m
[31m    at new APIError (file:///home/puppetmaster/Desktop/projects/jobBoard/app/config/error.js:21:5)[39m
[31m    at getJobById (file:///home/puppetmaster/Desktop/projects/jobBoard/app/services/jobPosting.service.js:8:11)[39m
[31m    at process.processTicksAndRejections (node:internal/process/task_queues:95:5)[39m
[31m    at async file:///home/puppetmaster/Desktop/projects/jobBoard/app/controllers/jobPostings.controller.js:16:15[39m
[2023-10-10 20:56:24:5624] [31merror[39m: [31mNOT FOUND: Job posting not found[39m
[31m    at new BaseError (file:///home/puppetmaster/Desktop/projects/jobBoard/app/config/error.js:10:11)[39m
[31m    at new APIError (file:///home/puppetmaster/Desktop/projects/jobBoard/app/config/error.js:21:5)[39m
[31m    at getJobById (file:///home/puppetmaster/Desktop/projects/jobBoard/app/services/jobPosting.service.js:8:11)[39m
[31m    at process.processTicksAndRejections (node:internal/process/task_queues:95:5)[39m
[31m    at async file:///home/puppetmaster/Desktop/projects/jobBoard/app/controllers/jobPostings.controller.js:16:15[39m
[2023-10-10 20:59:56:5956] [31merror[39m: [31mReferenceError: jobUpdate is not defined[39m
[31m    at destroyJob (file:///home/puppetmaster/Desktop/projects/jobBoard/app/services/jobPosting.service.js:95:3)[39m
[31m    at process.processTicksAndRejections (node:internal/process/task_queues:95:5)[39m
[31m    at async file:///home/puppetmaster/Desktop/projects/jobBoard/app/controllers/jobPostings.controller.js:112:5[39m
[2023-10-10 21:01:54:154] [31merror[39m: [31mNOT FOUND: Job posting not found[39m
[31m    at new BaseError (file:///home/puppetmaster/Desktop/projects/jobBoard/app/config/error.js:10:11)[39m
[31m    at new APIError (file:///home/puppetmaster/Desktop/projects/jobBoard/app/config/error.js:21:5)[39m
[31m    at getJobById (file:///home/puppetmaster/Desktop/projects/jobBoard/app/services/jobPosting.service.js:8:11)[39m
[31m    at process.processTicksAndRejections (node:internal/process/task_queues:95:5)[39m
[31m    at async file:///home/puppetmaster/Desktop/projects/jobBoard/app/controllers/jobPostings.controller.js:109:15[39m
[2023-10-10 21:10:12:1012] [31merror[39m: [31mNOT FOUND: User account not found[39m
[31m    at new BaseError (file:///home/puppetmaster/Desktop/projects/jobBoard/app/config/error.js:10:11)[39m
[31m    at new APIError (file:///home/puppetmaster/Desktop/projects/jobBoard/app/config/error.js:21:5)[39m
[31m    at getUserByEmail (file:///home/puppetmaster/Desktop/projects/jobBoard/app/services/user.service.js:69:11)[39m
[31m    at process.processTicksAndRejections (node:internal/process/task_queues:95:5)[39m
[31m    at async file:///home/puppetmaster/Desktop/projects/jobBoard/app/controllers/users.constroller.js:37:24[39m
[2023-10-10 21:13:40:1340] [31merror[39m: [31mNOT FOUND: User account not found[39m
[31m    at new BaseError (file:///home/puppetmaster/Desktop/projects/jobBoard/app/config/error.js:10:11)[39m
[31m    at new APIError (file:///home/puppetmaster/Desktop/projects/jobBoard/app/config/error.js:21:5)[39m
[31m    at getUserByEmail (file:///home/puppetmaster/Desktop/projects/jobBoard/app/services/user.service.js:71:11)[39m
[31m    at process.processTicksAndRejections (node:internal/process/task_queues:95:5)[39m
[31m    at async file:///home/puppetmaster/Desktop/projects/jobBoard/app/controllers/users.constroller.js:37:24[39m
[2023-10-10 21:23:43:2343] [31merror[39m: [31mFailed to connect to database getaddrinfo EAI_AGAIN tai.db.elephantsql.com[39m
[2023-10-10 21:23:59:2359] [31merror[39m: [31mFailed to connect to database getaddrinfo EAI_AGAIN tai.db.elephantsql.com[39m
[2023-10-10 21:24:29:2429] [31merror[39m: [31mFailed to connect to database getaddrinfo EAI_AGAIN tai.db.elephantsql.com[39m
[2023-10-10 21:24:41:2441] [31merror[39m: [31mFailed to connect to database getaddrinfo EAI_AGAIN tai.db.elephantsql.com[39m
[2023-10-11 20:17:22:1722] [31merror[39m: [31mUnauthorized: Employers are not allowed to create applications[39m
[31m    at new BaseError (file:///home/puppetmaster/Desktop/projects/jobBoard/app/config/error.js:10:11)[39m
[31m    at new APIError (file:///home/puppetmaster/Desktop/projects/jobBoard/app/config/error.js:21:5)[39m
[31m    at file:///home/puppetmaster/Desktop/projects/jobBoard/app/controllers/applications.controller.js:22:11[39m
[31m    at asyncUtilWrap (/home/puppetmaster/Desktop/projects/jobBoard/node_modules/express-async-handler/index.js:3:20)[39m
[31m    at Layer.handle [as handle_request] (/home/puppetmaster/Desktop/projects/jobBoard/node_modules/express/lib/router/layer.js:95:5)[39m
[31m    at next (/home/puppetmaster/Desktop/projects/jobBoard/node_modules/express/lib/router/route.js:144:13)[39m
[31m    at Route.dispatch (/home/puppetmaster/Desktop/projects/jobBoard/node_modules/express/lib/router/route.js:114:3)[39m
[31m    at Layer.handle [as handle_request] (/home/puppetmaster/Desktop/projects/jobBoard/node_modules/express/lib/router/layer.js:95:5)[39m
[31m    at /home/puppetmaster/Desktop/projects/jobBoard/node_modules/express/lib/router/index.js:284:15[39m
[31m    at Function.process_params (/home/puppetmaster/Desktop/projects/jobBoard/node_modules/express/lib/router/index.js:346:12)[39m
[2023-10-11 20:20:28:2028] [31merror[39m: [31mUnauthorized: Employers are not allowed to create applications[39m
[31m    at new BaseError (file:///home/puppetmaster/Desktop/projects/jobBoard/app/config/error.js:10:11)[39m
[31m    at new APIError (file:///home/puppetmaster/Desktop/projects/jobBoard/app/config/error.js:21:5)[39m
[31m    at file:///home/puppetmaster/Desktop/projects/jobBoard/app/controllers/applications.controller.js:22:11[39m
[31m    at asyncUtilWrap (/home/puppetmaster/Desktop/projects/jobBoard/node_modules/express-async-handler/index.js:3:20)[39m
[31m    at Layer.handle [as handle_request] (/home/puppetmaster/Desktop/projects/jobBoard/node_modules/express/lib/router/layer.js:95:5)[39m
[31m    at next (/home/puppetmaster/Desktop/projects/jobBoard/node_modules/express/lib/router/route.js:144:13)[39m
[31m    at Route.dispatch (/home/puppetmaster/Desktop/projects/jobBoard/node_modules/express/lib/router/route.js:114:3)[39m
[31m    at Layer.handle [as handle_request] (/home/puppetmaster/Desktop/projects/jobBoard/node_modules/express/lib/router/layer.js:95:5)[39m
[31m    at /home/puppetmaster/Desktop/projects/jobBoard/node_modules/express/lib/router/index.js:284:15[39m
[31m    at Function.process_params (/home/puppetmaster/Desktop/projects/jobBoard/node_modules/express/lib/router/index.js:346:12)[39m
[2023-10-11 20:20:42:2042] [31merror[39m: [31mUnauthorized: Employers are not allowed to create applications[39m
[31m    at new BaseError (file:///home/puppetmaster/Desktop/projects/jobBoard/app/config/error.js:10:11)[39m
[31m    at new APIError (file:///home/puppetmaster/Desktop/projects/jobBoard/app/config/error.js:21:5)[39m
[31m    at file:///home/puppetmaster/Desktop/projects/jobBoard/app/controllers/applications.controller.js:22:11[39m
[31m    at asyncUtilWrap (/home/puppetmaster/Desktop/projects/jobBoard/node_modules/express-async-handler/index.js:3:20)[39m
[31m    at Layer.handle [as handle_request] (/home/puppetmaster/Desktop/projects/jobBoard/node_modules/express/lib/router/layer.js:95:5)[39m
[31m    at next (/home/puppetmaster/Desktop/projects/jobBoard/node_modules/express/lib/router/route.js:144:13)[39m
[31m    at Route.dispatch (/home/puppetmaster/Desktop/projects/jobBoard/node_modules/express/lib/router/route.js:114:3)[39m
[31m    at Layer.handle [as handle_request] (/home/puppetmaster/Desktop/projects/jobBoard/node_modules/express/lib/router/layer.js:95:5)[39m
[31m    at /home/puppetmaster/Desktop/projects/jobBoard/node_modules/express/lib/router/index.js:284:15[39m
[31m    at Function.process_params (/home/puppetmaster/Desktop/projects/jobBoard/node_modules/express/lib/router/index.js:346:12)[39m
[2023-10-11 20:22:38:2238] [31merror[39m: [31mUnauthorized: Employers are not allowed to create applications[39m
[31m    at new BaseError (file:///home/puppetmaster/Desktop/projects/jobBoard/app/config/error.js:10:11)[39m
[31m    at new APIError (file:///home/puppetmaster/Desktop/projects/jobBoard/app/config/error.js:21:5)[39m
[31m    at file:///home/puppetmaster/Desktop/projects/jobBoard/app/controllers/applications.controller.js:22:11[39m
[31m    at asyncUtilWrap (/home/puppetmaster/Desktop/projects/jobBoard/node_modules/express-async-handler/index.js:3:20)[39m
[31m    at Layer.handle [as handle_request] (/home/puppetmaster/Desktop/projects/jobBoard/node_modules/express/lib/router/layer.js:95:5)[39m
[31m    at next (/home/puppetmaster/Desktop/projects/jobBoard/node_modules/express/lib/router/route.js:144:13)[39m
[31m    at Route.dispatch (/home/puppetmaster/Desktop/projects/jobBoard/node_modules/express/lib/router/route.js:114:3)[39m
[31m    at Layer.handle [as handle_request] (/home/puppetmaster/Desktop/projects/jobBoard/node_modules/express/lib/router/layer.js:95:5)[39m
[31m    at /home/puppetmaster/Desktop/projects/jobBoard/node_modules/express/lib/router/index.js:284:15[39m
[31m    at Function.process_params (/home/puppetmaster/Desktop/projects/jobBoard/node_modules/express/lib/router/index.js:346:12)[39m
[2023-10-11 20:23:57:2357] [31merror[39m: [31mUnauthorized: Employers are not allowed to create applications[39m
[31m    at new BaseError (file:///home/puppetmaster/Desktop/projects/jobBoard/app/config/error.js:10:11)[39m
[31m    at new APIError (file:///home/puppetmaster/Desktop/projects/jobBoard/app/config/error.js:21:5)[39m
[31m    at file:///home/puppetmaster/Desktop/projects/jobBoard/app/controllers/applications.controller.js:23:11[39m
[31m    at asyncUtilWrap (/home/puppetmaster/Desktop/projects/jobBoard/node_modules/express-async-handler/index.js:3:20)[39m
[31m    at Layer.handle [as handle_request] (/home/puppetmaster/Desktop/projects/jobBoard/node_modules/express/lib/router/layer.js:95:5)[39m
[31m    at next (/home/puppetmaster/Desktop/projects/jobBoard/node_modules/express/lib/router/route.js:144:13)[39m
[31m    at Route.dispatch (/home/puppetmaster/Desktop/projects/jobBoard/node_modules/express/lib/router/route.js:114:3)[39m
[31m    at Layer.handle [as handle_request] (/home/puppetmaster/Desktop/projects/jobBoard/node_modules/express/lib/router/layer.js:95:5)[39m
[31m    at /home/puppetmaster/Desktop/projects/jobBoard/node_modules/express/lib/router/index.js:284:15[39m
[31m    at Function.process_params (/home/puppetmaster/Desktop/projects/jobBoard/node_modules/express/lib/router/index.js:346:12)[39m
[2023-10-11 20:26:12:2612] [31merror[39m: [31mError[39m
[31m    at Query.run (/home/puppetmaster/Desktop/projects/jobBoard/node_modules/sequelize/lib/dialects/postgres/query.js:50:25)[39m
[31m    at /home/puppetmaster/Desktop/projects/jobBoard/node_modules/sequelize/lib/sequelize.js:315:28[39m
[31m    at process.processTicksAndRejections (node:internal/process/task_queues:95:5)[39m
[31m    at async PostgresQueryInterface.insert (/home/puppetmaster/Desktop/projects/jobBoard/node_modules/sequelize/lib/dialects/abstract/query-interface.js:308:21)[39m
[31m    at async model.save (/home/puppetmaster/Desktop/projects/jobBoard/node_modules/sequelize/lib/model.js:2490:35)[39m
[31m    at async applications.create (/home/puppetmaster/Desktop/projects/jobBoard/node_modules/sequelize/lib/model.js:1362:12)[39m
[31m    at async newApplication (file:///home/puppetmaster/Desktop/projects/jobBoard/app/services/applications.service.js:21:23)[39m
[31m    at async file:///home/puppetmaster/Desktop/projects/jobBoard/app/controllers/applications.controller.js:31:23[39m
[2023-10-11 20:27:57:2757] [31merror[39m: [31mError[39m
[31m    at Query.run (/home/puppetmaster/Desktop/projects/jobBoard/node_modules/sequelize/lib/dialects/postgres/query.js:50:25)[39m
[31m    at /home/puppetmaster/Desktop/projects/jobBoard/node_modules/sequelize/lib/sequelize.js:315:28[39m
[31m    at process.processTicksAndRejections (node:internal/process/task_queues:95:5)[39m
[31m    at async PostgresQueryInterface.insert (/home/puppetmaster/Desktop/projects/jobBoard/node_modules/sequelize/lib/dialects/abstract/query-interface.js:308:21)[39m
[31m    at async model.save (/home/puppetmaster/Desktop/projects/jobBoard/node_modules/sequelize/lib/model.js:2490:35)[39m
[31m    at async applications.create (/home/puppetmaster/Desktop/projects/jobBoard/node_modules/sequelize/lib/model.js:1362:12)[39m
[31m    at async newApplication (file:///home/puppetmaster/Desktop/projects/jobBoard/app/services/applications.service.js:21:23)[39m
[31m    at async file:///home/puppetmaster/Desktop/projects/jobBoard/app/controllers/applications.controller.js:31:23[39m
[2023-10-11 20:33:55:3355] [31merror[39m: [31mUnauthorized: Employers are not allowed to create applications[39m
[31m    at new BaseError (file:///home/puppetmaster/Desktop/projects/jobBoard/app/config/error.js:10:11)[39m
[31m    at new APIError (file:///home/puppetmaster/Desktop/projects/jobBoard/app/config/error.js:21:5)[39m
[31m    at file:///home/puppetmaster/Desktop/projects/jobBoard/app/controllers/applications.controller.js:23:11[39m
[31m    at asyncUtilWrap (/home/puppetmaster/Desktop/projects/jobBoard/node_modules/express-async-handler/index.js:3:20)[39m
[31m    at Layer.handle [as handle_request] (/home/puppetmaster/Desktop/projects/jobBoard/node_modules/express/lib/router/layer.js:95:5)[39m
[31m    at next (/home/puppetmaster/Desktop/projects/jobBoard/node_modules/express/lib/router/route.js:144:13)[39m
[31m    at Route.dispatch (/home/puppetmaster/Desktop/projects/jobBoard/node_modules/express/lib/router/route.js:114:3)[39m
[31m    at Layer.handle [as handle_request] (/home/puppetmaster/Desktop/projects/jobBoard/node_modules/express/lib/router/layer.js:95:5)[39m
[31m    at /home/puppetmaster/Desktop/projects/jobBoard/node_modules/express/lib/router/index.js:284:15[39m
[31m    at Function.process_params (/home/puppetmaster/Desktop/projects/jobBoard/node_modules/express/lib/router/index.js:346:12)[39m
[2023-10-11 22:21:36:2136] [31merror[39m: [31mError[39m
[31m    at Query.run (/home/puppetmaster/Desktop/projects/jobBoard/node_modules/sequelize/lib/dialects/postgres/query.js:50:25)[39m
[31m    at /home/puppetmaster/Desktop/projects/jobBoard/node_modules/sequelize/lib/sequelize.js:315:28[39m
[31m    at process.processTicksAndRejections (node:internal/process/task_queues:95:5)[39m
[31m    at async PostgresQueryInterface.insert (/home/puppetmaster/Desktop/projects/jobBoard/node_modules/sequelize/lib/dialects/abstract/query-interface.js:308:21)[39m
[31m    at async model.save (/home/puppetmaster/Desktop/projects/jobBoard/node_modules/sequelize/lib/model.js:2490:35)[39m
[31m    at async job_postings.create (/home/puppetmaster/Desktop/projects/jobBoard/node_modules/sequelize/lib/model.js:1362:12)[39m
[31m    at async newJob (file:///home/puppetmaster/Desktop/projects/jobBoard/app/services/jobPosting.service.js:50:15)[39m
[31m    at async file:///home/puppetmaster/Desktop/projects/jobBoard/app/controllers/jobPostings.controller.js:49:17[39m
[2023-10-11 22:24:34:2434] [31merror[39m: [31mError[39m
[31m    at Query.run (/home/puppetmaster/Desktop/projects/jobBoard/node_modules/sequelize/lib/dialects/postgres/query.js:50:25)[39m
[31m    at /home/puppetmaster/Desktop/projects/jobBoard/node_modules/sequelize/lib/sequelize.js:315:28[39m
[31m    at process.processTicksAndRejections (node:internal/process/task_queues:95:5)[39m
[31m    at async PostgresQueryInterface.select (/home/puppetmaster/Desktop/projects/jobBoard/node_modules/sequelize/lib/dialects/abstract/query-interface.js:407:12)[39m
[31m    at async applications.findAll (/home/puppetmaster/Desktop/projects/jobBoard/node_modules/sequelize/lib/model.js:1140:21)[39m
[31m    at async applications.findOne (/home/puppetmaster/Desktop/projects/jobBoard/node_modules/sequelize/lib/model.js:1240:12)[39m
[31m    at async applicationExists (file:///home/puppetmaster/Desktop/projects/jobBoard/app/services/applications.service.js:21:23)[39m
[31m    at async file:///home/puppetmaster/Desktop/projects/jobBoard/app/controllers/applications.controller.js:31:18[39m
[2023-10-11 22:24:57:2457] [31merror[39m: [31mError[39m
[31m    at Query.run (/home/puppetmaster/Desktop/projects/jobBoard/node_modules/sequelize/lib/dialects/postgres/query.js:50:25)[39m
[31m    at /home/puppetmaster/Desktop/projects/jobBoard/node_modules/sequelize/lib/sequelize.js:315:28[39m
[31m    at process.processTicksAndRejections (node:internal/process/task_queues:95:5)[39m
[31m    at async PostgresQueryInterface.select (/home/puppetmaster/Desktop/projects/jobBoard/node_modules/sequelize/lib/dialects/abstract/query-interface.js:407:12)[39m
[31m    at async applications.findAll (/home/puppetmaster/Desktop/projects/jobBoard/node_modules/sequelize/lib/model.js:1140:21)[39m
[31m    at async applications.findOne (/home/puppetmaster/Desktop/projects/jobBoard/node_modules/sequelize/lib/model.js:1240:12)[39m
[31m    at async applicationExists (file:///home/puppetmaster/Desktop/projects/jobBoard/app/services/applications.service.js:21:23)[39m
[31m    at async file:///home/puppetmaster/Desktop/projects/jobBoard/app/controllers/applications.controller.js:31:18[39m
[2023-10-11 22:28:18:2818] [31merror[39m: [31mError[39m
[31m    at Query.run (/home/puppetmaster/Desktop/projects/jobBoard/node_modules/sequelize/lib/dialects/postgres/query.js:50:25)[39m
[31m    at /home/puppetmaster/Desktop/projects/jobBoard/node_modules/sequelize/lib/sequelize.js:315:28[39m
[31m    at process.processTicksAndRejections (node:internal/process/task_queues:95:5)[39m
[31m    at async PostgresQueryInterface.select (/home/puppetmaster/Desktop/projects/jobBoard/node_modules/sequelize/lib/dialects/abstract/query-interface.js:407:12)[39m
[31m    at async applications.findAll (/home/puppetmaster/Desktop/projects/jobBoard/node_modules/sequelize/lib/model.js:1140:21)[39m
[31m    at async applications.findOne (/home/puppetmaster/Desktop/projects/jobBoard/node_modules/sequelize/lib/model.js:1240:12)[39m
[31m    at async applicationExists (file:///home/puppetmaster/Desktop/projects/jobBoard/app/services/applications.service.js:21:23)[39m
[31m    at async file:///home/puppetmaster/Desktop/projects/jobBoard/app/controllers/applications.controller.js:33:18[39m
[2023-10-11 22:29:38:2938] [31merror[39m: [31mError[39m
[31m    at Query.run (/home/puppetmaster/Desktop/projects/jobBoard/node_modules/sequelize/lib/dialects/postgres/query.js:50:25)[39m
[31m    at /home/puppetmaster/Desktop/projects/jobBoard/node_modules/sequelize/lib/sequelize.js:315:28[39m
[31m    at process.processTicksAndRejections (node:internal/process/task_queues:95:5)[39m
[31m    at async PostgresQueryInterface.select (/home/puppetmaster/Desktop/projects/jobBoard/node_modules/sequelize/lib/dialects/abstract/query-interface.js:407:12)[39m
[31m    at async applications.findAll (/home/puppetmaster/Desktop/projects/jobBoard/node_modules/sequelize/lib/model.js:1140:21)[39m
[31m    at async applications.findOne (/home/puppetmaster/Desktop/projects/jobBoard/node_modules/sequelize/lib/model.js:1240:12)[39m
[31m    at async applicationExists (file:///home/puppetmaster/Desktop/projects/jobBoard/app/services/applications.service.js:21:23)[39m
[31m    at async file:///home/puppetmaster/Desktop/projects/jobBoard/app/controllers/applications.controller.js:32:18[39m
[2023-10-11 22:31:12:3112] [31merror[39m: [31mError[39m
[31m    at Query.run (/home/puppetmaster/Desktop/projects/jobBoard/node_modules/sequelize/lib/dialects/postgres/query.js:50:25)[39m
[31m    at /home/puppetmaster/Desktop/projects/jobBoard/node_modules/sequelize/lib/sequelize.js:315:28[39m
[31m    at process.processTicksAndRejections (node:internal/process/task_queues:95:5)[39m
[31m    at async PostgresQueryInterface.select (/home/puppetmaster/Desktop/projects/jobBoard/node_modules/sequelize/lib/dialects/abstract/query-interface.js:407:12)[39m
[31m    at async applications.findAll (/home/puppetmaster/Desktop/projects/jobBoard/node_modules/sequelize/lib/model.js:1140:21)[39m
[31m    at async applications.findOne (/home/puppetmaster/Desktop/projects/jobBoard/node_modules/sequelize/lib/model.js:1240:12)[39m
[31m    at async applicationExists (file:///home/puppetmaster/Desktop/projects/jobBoard/app/services/applications.service.js:21:23)[39m
[31m    at async file:///home/puppetmaster/Desktop/projects/jobBoard/app/controllers/applications.controller.js:32:18[39m
[2023-10-11 22:32:07:327] [31merror[39m: [31mError[39m
[31m    at Query.run (/home/puppetmaster/Desktop/projects/jobBoard/node_modules/sequelize/lib/dialects/postgres/query.js:50:25)[39m
[31m    at /home/puppetmaster/Desktop/projects/jobBoard/node_modules/sequelize/lib/sequelize.js:315:28[39m
[31m    at process.processTicksAndRejections (node:internal/process/task_queues:95:5)[39m
[31m    at async PostgresQueryInterface.select (/home/puppetmaster/Desktop/projects/jobBoard/node_modules/sequelize/lib/dialects/abstract/query-interface.js:407:12)[39m
[31m    at async applications.findAll (/home/puppetmaster/Desktop/projects/jobBoard/node_modules/sequelize/lib/model.js:1140:21)[39m
[31m    at async applications.findOne (/home/puppetmaster/Desktop/projects/jobBoard/node_modules/sequelize/lib/model.js:1240:12)[39m
[31m    at async applicationExists (file:///home/puppetmaster/Desktop/projects/jobBoard/app/services/applications.service.js:21:23)[39m
[31m    at async file:///home/puppetmaster/Desktop/projects/jobBoard/app/controllers/applications.controller.js:32:18[39m
[2023-10-11 22:32:54:3254] [31merror[39m: [31mError[39m
[31m    at Query.run (/home/puppetmaster/Desktop/projects/jobBoard/node_modules/sequelize/lib/dialects/postgres/query.js:50:25)[39m
[31m    at /home/puppetmaster/Desktop/projects/jobBoard/node_modules/sequelize/lib/sequelize.js:315:28[39m
[31m    at process.processTicksAndRejections (node:internal/process/task_queues:95:5)[39m
[31m    at async PostgresQueryInterface.select (/home/puppetmaster/Desktop/projects/jobBoard/node_modules/sequelize/lib/dialects/abstract/query-interface.js:407:12)[39m
[31m    at async applications.findAll (/home/puppetmaster/Desktop/projects/jobBoard/node_modules/sequelize/lib/model.js:1140:21)[39m
[31m    at async applications.findOne (/home/puppetmaster/Desktop/projects/jobBoard/node_modules/sequelize/lib/model.js:1240:12)[39m
[31m    at async applicationExists (file:///home/puppetmaster/Desktop/projects/jobBoard/app/services/applications.service.js:21:23)[39m
[31m    at async file:///home/puppetmaster/Desktop/projects/jobBoard/app/controllers/applications.controller.js:32:18[39m
[2023-10-11 22:37:01:371] [31merror[39m: [31mNot Acceptable: Already applied to this job[39m
[31m    at new BaseError (file:///home/puppetmaster/Desktop/projects/jobBoard/app/config/error.js:10:11)[39m
[31m    at new APIError (file:///home/puppetmaster/Desktop/projects/jobBoard/app/config/error.js:21:5)[39m
[31m    at file:///home/puppetmaster/Desktop/projects/jobBoard/app/controllers/applications.controller.js:37:11[39m
[31m    at process.processTicksAndRejections (node:internal/process/task_queues:95:5)[39m
[2023-10-11 22:44:24:4424] [31merror[39m: [31mUnauthorized: You are not permitted to operate on this resource[39m
[31m    at new BaseError (file:///home/puppetmaster/Desktop/projects/jobBoard/app/config/error.js:10:11)[39m
[31m    at new APIError (file:///home/puppetmaster/Desktop/projects/jobBoard/app/config/error.js:21:5)[39m
[31m    at file:///home/puppetmaster/Desktop/projects/jobBoard/app/controllers/applications.controller.js:114:11[39m
[31m    at asyncUtilWrap (/home/puppetmaster/Desktop/projects/jobBoard/node_modules/express-async-handler/index.js:3:20)[39m
[31m    at Layer.handle [as handle_request] (/home/puppetmaster/Desktop/projects/jobBoard/node_modules/express/lib/router/layer.js:95:5)[39m
[31m    at next (/home/puppetmaster/Desktop/projects/jobBoard/node_modules/express/lib/router/route.js:144:13)[39m
[31m    at Route.dispatch (/home/puppetmaster/Desktop/projects/jobBoard/node_modules/express/lib/router/route.js:114:3)[39m
[31m    at Layer.handle [as handle_request] (/home/puppetmaster/Desktop/projects/jobBoard/node_modules/express/lib/router/layer.js:95:5)[39m
[31m    at /home/puppetmaster/Desktop/projects/jobBoard/node_modules/express/lib/router/index.js:284:15[39m
[31m    at param (/home/puppetmaster/Desktop/projects/jobBoard/node_modules/express/lib/router/index.js:365:14)[39m
[2023-10-11 22:45:20:4520] [31merror[39m: [31mUnauthorized: You are not permitted to operate on this resource[39m
[31m    at new BaseError (file:///home/puppetmaster/Desktop/projects/jobBoard/app/config/error.js:10:11)[39m
[31m    at new APIError (file:///home/puppetmaster/Desktop/projects/jobBoard/app/config/error.js:21:5)[39m
[31m    at file:///home/puppetmaster/Desktop/projects/jobBoard/app/controllers/applications.controller.js:114:11[39m
[31m    at asyncUtilWrap (/home/puppetmaster/Desktop/projects/jobBoard/node_modules/express-async-handler/index.js:3:20)[39m
[31m    at Layer.handle [as handle_request] (/home/puppetmaster/Desktop/projects/jobBoard/node_modules/express/lib/router/layer.js:95:5)[39m
[31m    at next (/home/puppetmaster/Desktop/projects/jobBoard/node_modules/express/lib/router/route.js:144:13)[39m
[31m    at Route.dispatch (/home/puppetmaster/Desktop/projects/jobBoard/node_modules/express/lib/router/route.js:114:3)[39m
[31m    at Layer.handle [as handle_request] (/home/puppetmaster/Desktop/projects/jobBoard/node_modules/express/lib/router/layer.js:95:5)[39m
[31m    at /home/puppetmaster/Desktop/projects/jobBoard/node_modules/express/lib/router/index.js:284:15[39m
[31m    at param (/home/puppetmaster/Desktop/projects/jobBoard/node_modules/express/lib/router/index.js:365:14)[39m
[2023-10-11 22:49:07:497] [31merror[39m: [31mUnauthorized: You are not permitted to operate on this resource[39m
[31m    at new BaseError (file:///home/puppetmaster/Desktop/projects/jobBoard/app/config/error.js:10:11)[39m
[31m    at new APIError (file:///home/puppetmaster/Desktop/projects/jobBoard/app/config/error.js:21:5)[39m
[31m    at file:///home/puppetmaster/Desktop/projects/jobBoard/app/controllers/applications.controller.js:114:11[39m
[31m    at asyncUtilWrap (/home/puppetmaster/Desktop/projects/jobBoard/node_modules/express-async-handler/index.js:3:20)[39m
[31m    at Layer.handle [as handle_request] (/home/puppetmaster/Desktop/projects/jobBoard/node_modules/express/lib/router/layer.js:95:5)[39m
[31m    at next (/home/puppetmaster/Desktop/projects/jobBoard/node_modules/express/lib/router/route.js:144:13)[39m
[31m    at Route.dispatch (/home/puppetmaster/Desktop/projects/jobBoard/node_modules/express/lib/router/route.js:114:3)[39m
[31m    at Layer.handle [as handle_request] (/home/puppetmaster/Desktop/projects/jobBoard/node_modules/express/lib/router/layer.js:95:5)[39m
[31m    at /home/puppetmaster/Desktop/projects/jobBoard/node_modules/express/lib/router/index.js:284:15[39m
[31m    at param (/home/puppetmaster/Desktop/projects/jobBoard/node_modules/express/lib/router/index.js:365:14)[39m
[2023-10-11 22:52:29:5229] [31merror[39m: [31mUnauthorized: You are not permitted to operate on this resource[39m
[31m    at new BaseError (file:///home/puppetmaster/Desktop/projects/jobBoard/app/config/error.js:10:11)[39m
[31m    at new APIError (file:///home/puppetmaster/Desktop/projects/jobBoard/app/config/error.js:21:5)[39m
[31m    at file:///home/puppetmaster/Desktop/projects/jobBoard/app/controllers/applications.controller.js:115:11[39m
[31m    at asyncUtilWrap (/home/puppetmaster/Desktop/projects/jobBoard/node_modules/express-async-handler/index.js:3:20)[39m
[31m    at Layer.handle [as handle_request] (/home/puppetmaster/Desktop/projects/jobBoard/node_modules/express/lib/router/layer.js:95:5)[39m
[31m    at next (/home/puppetmaster/Desktop/projects/jobBoard/node_modules/express/lib/router/route.js:144:13)[39m
[31m    at Route.dispatch (/home/puppetmaster/Desktop/projects/jobBoard/node_modules/express/lib/router/route.js:114:3)[39m
[31m    at Layer.handle [as handle_request] (/home/puppetmaster/Desktop/projects/jobBoard/node_modules/express/lib/router/layer.js:95:5)[39m
[31m    at /home/puppetmaster/Desktop/projects/jobBoard/node_modules/express/lib/router/index.js:284:15[39m
[31m    at param (/home/puppetmaster/Desktop/projects/jobBoard/node_modules/express/lib/router/index.js:365:14)[39m
[2023-10-11 22:55:31:5531] [31merror[39m: [31mUnauthorized: You are not permitted to operate on this resource[39m
[31m    at new BaseError (file:///home/puppetmaster/Desktop/projects/jobBoard/app/config/error.js:10:11)[39m
[31m    at new APIError (file:///home/puppetmaster/Desktop/projects/jobBoard/app/config/error.js:21:5)[39m
[31m    at file:///home/puppetmaster/Desktop/projects/jobBoard/app/controllers/applications.controller.js:115:11[39m
[31m    at asyncUtilWrap (/home/puppetmaster/Desktop/projects/jobBoard/node_modules/express-async-handler/index.js:3:20)[39m
[31m    at Layer.handle [as handle_request] (/home/puppetmaster/Desktop/projects/jobBoard/node_modules/express/lib/router/layer.js:95:5)[39m
[31m    at next (/home/puppetmaster/Desktop/projects/jobBoard/node_modules/express/lib/router/route.js:144:13)[39m
[31m    at Route.dispatch (/home/puppetmaster/Desktop/projects/jobBoard/node_modules/express/lib/router/route.js:114:3)[39m
[31m    at Layer.handle [as handle_request] (/home/puppetmaster/Desktop/projects/jobBoard/node_modules/express/lib/router/layer.js:95:5)[39m
[31m    at /home/puppetmaster/Desktop/projects/jobBoard/node_modules/express/lib/router/index.js:284:15[39m
[31m    at param (/home/puppetmaster/Desktop/projects/jobBoard/node_modules/express/lib/router/index.js:365:14)[39m
[2023-10-11 22:58:43:5843] [31merror[39m: [31mUnauthorized: You are not permitted to operate on this resource[39m
[31m    at new BaseError (file:///home/puppetmaster/Desktop/projects/jobBoard/app/config/error.js:10:11)[39m
[31m    at new APIError (file:///home/puppetmaster/Desktop/projects/jobBoard/app/config/error.js:21:5)[39m
[31m    at file:///home/puppetmaster/Desktop/projects/jobBoard/app/controllers/applications.controller.js:116:11[39m
[31m    at asyncUtilWrap (/home/puppetmaster/Desktop/projects/jobBoard/node_modules/express-async-handler/index.js:3:20)[39m
[31m    at Layer.handle [as handle_request] (/home/puppetmaster/Desktop/projects/jobBoard/node_modules/express/lib/router/layer.js:95:5)[39m
[31m    at next (/home/puppetmaster/Desktop/projects/jobBoard/node_modules/express/lib/router/route.js:144:13)[39m
[31m    at Route.dispatch (/home/puppetmaster/Desktop/projects/jobBoard/node_modules/express/lib/router/route.js:114:3)[39m
[31m    at Layer.handle [as handle_request] (/home/puppetmaster/Desktop/projects/jobBoard/node_modules/express/lib/router/layer.js:95:5)[39m
[31m    at /home/puppetmaster/Desktop/projects/jobBoard/node_modules/express/lib/router/index.js:284:15[39m
[31m    at param (/home/puppetmaster/Desktop/projects/jobBoard/node_modules/express/lib/router/index.js:365:14)[39m
[2023-10-11 23:15:44:1544] [31merror[39m: [31mError[39m
[31m    at Query.run (/home/puppetmaster/Desktop/projects/jobBoard/node_modules/sequelize/lib/dialects/postgres/query.js:50:25)[39m
[31m    at /home/puppetmaster/Desktop/projects/jobBoard/node_modules/sequelize/lib/sequelize.js:315:28[39m
[31m    at process.processTicksAndRejections (node:internal/process/task_queues:95:5)[39m
[31m    at async PostgresQueryInterface.insert (/home/puppetmaster/Desktop/projects/jobBoard/node_modules/sequelize/lib/dialects/abstract/query-interface.js:308:21)[39m
[31m    at async model.save (/home/puppetmaster/Desktop/projects/jobBoard/node_modules/sequelize/lib/model.js:2490:35)[39m
[31m    at async applications.create (/home/puppetmaster/Desktop/projects/jobBoard/node_modules/sequelize/lib/model.js:1362:12)[39m
[31m    at async newApplication (file:///home/puppetmaster/Desktop/projects/jobBoard/app/services/applications.service.js:29:23)[39m
[31m    at async file:///home/puppetmaster/Desktop/projects/jobBoard/app/controllers/applications.controller.js:45:23[39m
[2023-10-11 23:19:53:1953] [31merror[39m: [31mError[39m
[31m    at Query.run (/home/puppetmaster/Desktop/projects/jobBoard/node_modules/sequelize/lib/dialects/postgres/query.js:50:25)[39m
[31m    at /home/puppetmaster/Desktop/projects/jobBoard/node_modules/sequelize/lib/sequelize.js:315:28[39m
[31m    at process.processTicksAndRejections (node:internal/process/task_queues:95:5)[39m
[31m    at async PostgresQueryInterface.insert (/home/puppetmaster/Desktop/projects/jobBoard/node_modules/sequelize/lib/dialects/abstract/query-interface.js:308:21)[39m
[31m    at async model.save (/home/puppetmaster/Desktop/projects/jobBoard/node_modules/sequelize/lib/model.js:2490:35)[39m
[31m    at async applications.create (/home/puppetmaster/Desktop/projects/jobBoard/node_modules/sequelize/lib/model.js:1362:12)[39m
[31m    at async newApplication (file:///home/puppetmaster/Desktop/projects/jobBoard/app/services/applications.service.js:29:23)[39m
[31m    at async file:///home/puppetmaster/Desktop/projects/jobBoard/app/controllers/applications.controller.js:45:23[39m
[2023-10-11 23:22:06:226] [31merror[39m: [31mError[39m
[31m    at Query.run (/home/puppetmaster/Desktop/projects/jobBoard/node_modules/sequelize/lib/dialects/postgres/query.js:50:25)[39m
[31m    at /home/puppetmaster/Desktop/projects/jobBoard/node_modules/sequelize/lib/sequelize.js:315:28[39m
[31m    at process.processTicksAndRejections (node:internal/process/task_queues:95:5)[39m
[31m    at async PostgresQueryInterface.insert (/home/puppetmaster/Desktop/projects/jobBoard/node_modules/sequelize/lib/dialects/abstract/query-interface.js:308:21)[39m
[31m    at async model.save (/home/puppetmaster/Desktop/projects/jobBoard/node_modules/sequelize/lib/model.js:2490:35)[39m
[31m    at async applications.create (/home/puppetmaster/Desktop/projects/jobBoard/node_modules/sequelize/lib/model.js:1362:12)[39m
[31m    at async newApplication (file:///home/puppetmaster/Desktop/projects/jobBoard/app/services/applications.service.js:29:23)[39m
[31m    at async file:///home/puppetmaster/Desktop/projects/jobBoard/app/controllers/applications.controller.js:45:23[39m
[2023-10-11 23:28:58:2858] [31merror[39m: [31mError[39m
[31m    at Query.run (/home/puppetmaster/Desktop/projects/jobBoard/node_modules/sequelize/lib/dialects/postgres/query.js:50:25)[39m
[31m    at /home/puppetmaster/Desktop/projects/jobBoard/node_modules/sequelize/lib/sequelize.js:315:28[39m
[31m    at process.processTicksAndRejections (node:internal/process/task_queues:95:5)[39m
[31m    at async PostgresQueryInterface.insert (/home/puppetmaster/Desktop/projects/jobBoard/node_modules/sequelize/lib/dialects/abstract/query-interface.js:308:21)[39m
[31m    at async model.save (/home/puppetmaster/Desktop/projects/jobBoard/node_modules/sequelize/lib/model.js:2490:35)[39m
[31m    at async applications.create (/home/puppetmaster/Desktop/projects/jobBoard/node_modules/sequelize/lib/model.js:1362:12)[39m
[31m    at async newApplication (file:///home/puppetmaster/Desktop/projects/jobBoard/app/services/applications.service.js:29:23)[39m
[31m    at async file:///home/puppetmaster/Desktop/projects/jobBoard/app/controllers/applications.controller.js:45:23[39m
[2023-10-11 23:29:41:2941] [31merror[39m: [31mError[39m
[31m    at Query.run (/home/puppetmaster/Desktop/projects/jobBoard/node_modules/sequelize/lib/dialects/postgres/query.js:50:25)[39m
[31m    at /home/puppetmaster/Desktop/projects/jobBoard/node_modules/sequelize/lib/sequelize.js:315:28[39m
[31m    at process.processTicksAndRejections (node:internal/process/task_queues:95:5)[39m
[31m    at async PostgresQueryInterface.insert (/home/puppetmaster/Desktop/projects/jobBoard/node_modules/sequelize/lib/dialects/abstract/query-interface.js:308:21)[39m
[31m    at async model.save (/home/puppetmaster/Desktop/projects/jobBoard/node_modules/sequelize/lib/model.js:2490:35)[39m
[31m    at async applications.create (/home/puppetmaster/Desktop/projects/jobBoard/node_modules/sequelize/lib/model.js:1362:12)[39m
[31m    at async newApplication (file:///home/puppetmaster/Desktop/projects/jobBoard/app/services/applications.service.js:29:23)[39m
[31m    at async file:///home/puppetmaster/Desktop/projects/jobBoard/app/controllers/applications.controller.js:45:23[39m
[2023-10-11 23:30:27:3027] [31merror[39m: [31mError[39m
[31m    at Query.run (/home/puppetmaster/Desktop/projects/jobBoard/node_modules/sequelize/lib/dialects/postgres/query.js:50:25)[39m
[31m    at /home/puppetmaster/Desktop/projects/jobBoard/node_modules/sequelize/lib/sequelize.js:315:28[39m
[31m    at process.processTicksAndRejections (node:internal/process/task_queues:95:5)[39m
[31m    at async PostgresQueryInterface.insert (/home/puppetmaster/Desktop/projects/jobBoard/node_modules/sequelize/lib/dialects/abstract/query-interface.js:308:21)[39m
[31m    at async model.save (/home/puppetmaster/Desktop/projects/jobBoard/node_modules/sequelize/lib/model.js:2490:35)[39m
[31m    at async applications.create (/home/puppetmaster/Desktop/projects/jobBoard/node_modules/sequelize/lib/model.js:1362:12)[39m
[31m    at async newApplication (file:///home/puppetmaster/Desktop/projects/jobBoard/app/services/applications.service.js:29:23)[39m
[31m    at async file:///home/puppetmaster/Desktop/projects/jobBoard/app/controllers/applications.controller.js:45:23[39m
[2023-10-11 23:32:18:3218] [31merror[39m: [31mError seeding the database: relation "users" does not exist[39m
[2023-10-12 01:02:53:253] [31merror[39m: [31mError[39m
[31m    at Query.run (/home/puppetmaster/Desktop/projects/jobBoard/node_modules/sequelize/lib/dialects/postgres/query.js:50:25)[39m
[31m    at /home/puppetmaster/Desktop/projects/jobBoard/node_modules/sequelize/lib/sequelize.js:315:28[39m
[31m    at process.processTicksAndRejections (node:internal/process/task_queues:95:5)[39m
[31m    at async PostgresQueryInterface.insert (/home/puppetmaster/Desktop/projects/jobBoard/node_modules/sequelize/lib/dialects/abstract/query-interface.js:308:21)[39m
[31m    at async model.save (/home/puppetmaster/Desktop/projects/jobBoard/node_modules/sequelize/lib/model.js:2490:35)[39m
[31m    at async job_postings.create (/home/puppetmaster/Desktop/projects/jobBoard/node_modules/sequelize/lib/model.js:1362:12)[39m
[31m    at async newJob (file:///home/puppetmaster/Desktop/projects/jobBoard/app/services/jobPosting.service.js:50:15)[39m
[31m    at async file:///home/puppetmaster/Desktop/projects/jobBoard/app/controllers/jobPostings.controller.js:49:17[39m
[2023-10-12 01:12:15:1215] [31merror[39m: [31mReferenceError: Cannot access 'application' before initialization[39m
[31m    at applications.<anonymous> (file:///home/puppetmaster/Desktop/projects/jobBoard/app/models/applications.model.js:43:38)[39m
[31m    at applications.runHooks (/home/puppetmaster/Desktop/projects/jobBoard/node_modules/sequelize/lib/hooks.js:96:18)[39m
[31m    at model.save (/home/puppetmaster/Desktop/projects/jobBoard/node_modules/sequelize/lib/model.js:2436:30)[39m
[31m    at process.processTicksAndRejections (node:internal/process/task_queues:95:5)[39m
[31m    at async file:///home/puppetmaster/Desktop/projects/jobBoard/app/controllers/applications.controller.js:128:5[39m
[2023-10-12 01:12:27:1227] [31merror[39m: [31mReferenceError: Cannot access 'application' before initialization[39m
[31m    at applications.<anonymous> (file:///home/puppetmaster/Desktop/projects/jobBoard/app/models/applications.model.js:43:38)[39m
[31m    at applications.runHooks (/home/puppetmaster/Desktop/projects/jobBoard/node_modules/sequelize/lib/hooks.js:96:18)[39m
[31m    at model.save (/home/puppetmaster/Desktop/projects/jobBoard/node_modules/sequelize/lib/model.js:2436:30)[39m
[31m    at process.processTicksAndRejections (node:internal/process/task_queues:95:5)[39m
[31m    at async file:///home/puppetmaster/Desktop/projects/jobBoard/app/controllers/applications.controller.js:128:5[39m
[2023-10-12 01:12:28:1228] [31merror[39m: [31mReferenceError: Cannot access 'application' before initialization[39m
[31m    at applications.<anonymous> (file:///home/puppetmaster/Desktop/projects/jobBoard/app/models/applications.model.js:43:38)[39m
[31m    at applications.runHooks (/home/puppetmaster/Desktop/projects/jobBoard/node_modules/sequelize/lib/hooks.js:96:18)[39m
[31m    at model.save (/home/puppetmaster/Desktop/projects/jobBoard/node_modules/sequelize/lib/model.js:2436:30)[39m
[31m    at process.processTicksAndRejections (node:internal/process/task_queues:95:5)[39m
[31m    at async file:///home/puppetmaster/Desktop/projects/jobBoard/app/controllers/applications.controller.js:128:5[39m
[2023-10-12 01:14:55:1455] [31merror[39m: [31mReferenceError: Cannot access 'application' before initialization[39m
[31m    at applications.<anonymous> (file:///home/puppetmaster/Desktop/projects/jobBoard/app/models/applications.model.js:43:38)[39m
[31m    at applications.runHooks (/home/puppetmaster/Desktop/projects/jobBoard/node_modules/sequelize/lib/hooks.js:96:18)[39m
[31m    at model.save (/home/puppetmaster/Desktop/projects/jobBoard/node_modules/sequelize/lib/model.js:2436:30)[39m
[31m    at process.processTicksAndRejections (node:internal/process/task_queues:95:5)[39m
[31m    at async file:///home/puppetmaster/Desktop/projects/jobBoard/app/controllers/applications.controller.js:128:5[39m
[2023-10-12 01:20:58:2058] [31merror[39m: [31mReferenceError: Cannot access 'application' before initialization[39m
[31m    at applications.<anonymous> (file:///home/puppetmaster/Desktop/projects/jobBoard/app/models/applications.model.js:43:38)[39m
[31m    at applications.runHooks (/home/puppetmaster/Desktop/projects/jobBoard/node_modules/sequelize/lib/hooks.js:96:18)[39m
[31m    at model.save (/home/puppetmaster/Desktop/projects/jobBoard/node_modules/sequelize/lib/model.js:2436:30)[39m
[31m    at process.processTicksAndRejections (node:internal/process/task_queues:95:5)[39m
[31m    at async file:///home/puppetmaster/Desktop/projects/jobBoard/app/controllers/applications.controller.js:128:5[39m
[2023-10-12 01:23:30:2330] [31merror[39m: [31mReferenceError: Cannot access 'application' before initialization[39m
[31m    at applications.<anonymous> (file:///home/puppetmaster/Desktop/projects/jobBoard/app/models/applications.model.js:43:38)[39m
[31m    at applications.runHooks (/home/puppetmaster/Desktop/projects/jobBoard/node_modules/sequelize/lib/hooks.js:96:18)[39m
[31m    at model.save (/home/puppetmaster/Desktop/projects/jobBoard/node_modules/sequelize/lib/model.js:2436:30)[39m
[31m    at process.processTicksAndRejections (node:internal/process/task_queues:95:5)[39m
[31m    at async file:///home/puppetmaster/Desktop/projects/jobBoard/app/controllers/applications.controller.js:125:5[39m
[2023-10-12 01:36:27:3627] [31merror[39m: [31mNot Acceptable: Already applied to this job[39m
[31m    at new BaseError (file:///home/puppetmaster/Desktop/projects/jobBoard/app/config/error.js:10:11)[39m
[31m    at new APIError (file:///home/puppetmaster/Desktop/projects/jobBoard/app/config/error.js:21:5)[39m
[31m    at file:///home/puppetmaster/Desktop/projects/jobBoard/app/controllers/applications.controller.js:37:11[39m
[31m    at process.processTicksAndRejections (node:internal/process/task_queues:95:5)[39m
[2023-10-12 02:14:04:144] [31merror[39m: [31mReferenceError: employerJobs is not defined[39m
[31m    at getUsers (file:///home/puppetmaster/Desktop/projects/jobBoard/app/services/user.service.js:15:16)[39m
[31m    at file:///home/puppetmaster/Desktop/projects/jobBoard/app/controllers/users.constroller.js:17:26[39m
[31m    at asyncUtilWrap (/home/puppetmaster/Desktop/projects/jobBoard/node_modules/express-async-handler/index.js:3:20)[39m
[31m    at Layer.handle [as handle_request] (/home/puppetmaster/Desktop/projects/jobBoard/node_modules/express/lib/router/layer.js:95:5)[39m
[31m    at next (/home/puppetmaster/Desktop/projects/jobBoard/node_modules/express/lib/router/route.js:144:13)[39m
[31m    at Route.dispatch (/home/puppetmaster/Desktop/projects/jobBoard/node_modules/express/lib/router/route.js:114:3)[39m
[31m    at Layer.handle [as handle_request] (/home/puppetmaster/Desktop/projects/jobBoard/node_modules/express/lib/router/layer.js:95:5)[39m
[31m    at /home/puppetmaster/Desktop/projects/jobBoard/node_modules/express/lib/router/index.js:284:15[39m
[31m    at Function.process_params (/home/puppetmaster/Desktop/projects/jobBoard/node_modules/express/lib/router/index.js:346:12)[39m
[31m    at next (/home/puppetmaster/Desktop/projects/jobBoard/node_modules/express/lib/router/index.js:280:10)[39m
[2023-10-12 12:20:53:2053] [31merror[39m: [31mUNAUTHORIZED: You do not have permissions to access this resource[39m
[31m    at new BaseError (file:///home/puppetmaster/Desktop/projects/jobBoard/app/config/error.js:10:11)[39m
[31m    at new APIError (file:///home/puppetmaster/Desktop/projects/jobBoard/app/config/error.js:21:5)[39m
[31m    at file:///home/puppetmaster/Desktop/projects/jobBoard/app/controllers/jobPostings.controller.js:95:11[39m
[31m    at asyncUtilWrap (/home/puppetmaster/Desktop/projects/jobBoard/node_modules/express-async-handler/index.js:3:20)[39m
[31m    at Layer.handle [as handle_request] (/home/puppetmaster/Desktop/projects/jobBoard/node_modules/express/lib/router/layer.js:95:5)[39m
[31m    at next (/home/puppetmaster/Desktop/projects/jobBoard/node_modules/express/lib/router/route.js:144:13)[39m
[31m    at Route.dispatch (/home/puppetmaster/Desktop/projects/jobBoard/node_modules/express/lib/router/route.js:114:3)[39m
[31m    at Layer.handle [as handle_request] (/home/puppetmaster/Desktop/projects/jobBoard/node_modules/express/lib/router/layer.js:95:5)[39m
[31m    at /home/puppetmaster/Desktop/projects/jobBoard/node_modules/express/lib/router/index.js:284:15[39m
[31m    at param (/home/puppetmaster/Desktop/projects/jobBoard/node_modules/express/lib/router/index.js:365:14)[39m
[2023-10-14 16:50:21:5021] [31merror[39m: [31mError: data and hash arguments required[39m
[31m    at Object.compare (/home/puppetmaster/Desktop/projects/jobBoard/node_modules/bcrypt/bcrypt.js:208:17)[39m
[31m    at /home/puppetmaster/Desktop/projects/jobBoard/node_modules/bcrypt/promises.js:29:12[39m
[31m    at new Promise (<anonymous>)[39m
[31m    at module.exports.promise (/home/puppetmaster/Desktop/projects/jobBoard/node_modules/bcrypt/promises.js:20:12)[39m
[31m    at Object.compare (/home/puppetmaster/Desktop/projects/jobBoard/node_modules/bcrypt/bcrypt.js:204:25)[39m
[31m    at file:///home/puppetmaster/Desktop/projects/jobBoard/app/controllers/auth.controller.js:25:30[39m
[31m    at process.processTicksAndRejections (node:internal/process/task_queues:95:5)[39m
[2023-10-14 17:11:37:1137] [31merror[39m: [31mNot found: wallet not found[39m
[31m    at new BaseError (file:///home/puppetmaster/Desktop/projects/jobBoard/app/config/error.js:10:11)[39m
[31m    at new APIError (file:///home/puppetmaster/Desktop/projects/jobBoard/app/config/error.js:21:5)[39m
[31m    at Object.fetchWallet (file:///home/puppetmaster/Desktop/projects/jobBoard/app/services/wallets.service.js:12:11)[39m
[31m    at process.processTicksAndRejections (node:internal/process/task_queues:95:5)[39m
[31m    at async file:///home/puppetmaster/Desktop/projects/jobBoard/app/controllers/wallets.controller.js:9:18[39m
[2023-10-14 17:12:45:1245] [31merror[39m: [31mNot found: wallet not found[39m
[31m    at new BaseError (file:///home/puppetmaster/Desktop/projects/jobBoard/app/config/error.js:10:11)[39m
[31m    at new APIError (file:///home/puppetmaster/Desktop/projects/jobBoard/app/config/error.js:21:5)[39m
[31m    at Object.fetchWallet (file:///home/puppetmaster/Desktop/projects/jobBoard/app/services/wallets.service.js:12:11)[39m
[31m    at process.processTicksAndRejections (node:internal/process/task_queues:95:5)[39m
[31m    at async file:///home/puppetmaster/Desktop/projects/jobBoard/app/controllers/wallets.controller.js:9:18[39m
[2023-10-14 17:13:18:1318] [31merror[39m: [31mNot found: wallet not found[39m
[31m    at new BaseError (file:///home/puppetmaster/Desktop/projects/jobBoard/app/config/error.js:10:11)[39m
[31m    at new APIError (file:///home/puppetmaster/Desktop/projects/jobBoard/app/config/error.js:21:5)[39m
[31m    at Object.fetchWallet (file:///home/puppetmaster/Desktop/projects/jobBoard/app/services/wallets.service.js:12:11)[39m
[31m    at process.processTicksAndRejections (node:internal/process/task_queues:95:5)[39m
[31m    at async file:///home/puppetmaster/Desktop/projects/jobBoard/app/controllers/wallets.controller.js:9:18[39m
[2023-10-14 17:20:03:203] [31merror[39m: [31mNot found: wallet not found[39m
[31m    at new BaseError (file:///home/puppetmaster/Desktop/projects/jobBoard/app/config/error.js:10:11)[39m
[31m    at new APIError (file:///home/puppetmaster/Desktop/projects/jobBoard/app/config/error.js:21:5)[39m
[31m    at Object.fetchWallet (file:///home/puppetmaster/Desktop/projects/jobBoard/app/services/wallets.service.js:12:11)[39m
[31m    at process.processTicksAndRejections (node:internal/process/task_queues:95:5)[39m
[31m    at async file:///home/puppetmaster/Desktop/projects/jobBoard/app/controllers/wallets.controller.js:10:18[39m
[2023-10-14 17:22:53:2253] [31merror[39m: [31mError: Association with alias "userId" does not exist on wallets[39m
[31m    at wallets._transformStringAssociation (/home/puppetmaster/Desktop/projects/jobBoard/node_modules/sequelize/lib/model.js:275:15)[39m
[31m    at wallets._conformInclude (/home/puppetmaster/Desktop/projects/jobBoard/node_modules/sequelize/lib/model.js:286:22)[39m
[31m    at /home/puppetmaster/Desktop/projects/jobBoard/node_modules/sequelize/lib/model.js:270:61[39m
[31m    at Array.map (<anonymous>)[39m
[31m    at wallets._conformIncludes (/home/puppetmaster/Desktop/projects/jobBoard/node_modules/sequelize/lib/model.js:270:39)[39m
[31m    at wallets._baseMerge (/home/puppetmaster/Desktop/projects/jobBoard/node_modules/sequelize/lib/model.js:622:10)[39m
[31m    at wallets._defaultsOptions (/home/puppetmaster/Desktop/projects/jobBoard/node_modules/sequelize/lib/model.js:656:17)[39m
[31m    at wallets._injectScope (/home/puppetmaster/Desktop/projects/jobBoard/node_modules/sequelize/lib/model.js:2053:10)[39m
[31m    at wallets.findAll (/home/puppetmaster/Desktop/projects/jobBoard/node_modules/sequelize/lib/model.js:1111:10)[39m
[31m    at wallets.findOne (/home/puppetmaster/Desktop/projects/jobBoard/node_modules/sequelize/lib/model.js:1240:23)[39m
[2023-10-14 17:24:29:2429] [31merror[39m: [31mError: Association with alias "user_id" does not exist on wallets[39m
[31m    at wallets._transformStringAssociation (/home/puppetmaster/Desktop/projects/jobBoard/node_modules/sequelize/lib/model.js:275:15)[39m
[31m    at wallets._conformInclude (/home/puppetmaster/Desktop/projects/jobBoard/node_modules/sequelize/lib/model.js:286:22)[39m
[31m    at /home/puppetmaster/Desktop/projects/jobBoard/node_modules/sequelize/lib/model.js:270:61[39m
[31m    at Array.map (<anonymous>)[39m
[31m    at wallets._conformIncludes (/home/puppetmaster/Desktop/projects/jobBoard/node_modules/sequelize/lib/model.js:270:39)[39m
[31m    at wallets._baseMerge (/home/puppetmaster/Desktop/projects/jobBoard/node_modules/sequelize/lib/model.js:622:10)[39m
[31m    at wallets._defaultsOptions (/home/puppetmaster/Desktop/projects/jobBoard/node_modules/sequelize/lib/model.js:656:17)[39m
[31m    at wallets._injectScope (/home/puppetmaster/Desktop/projects/jobBoard/node_modules/sequelize/lib/model.js:2053:10)[39m
[31m    at wallets.findAll (/home/puppetmaster/Desktop/projects/jobBoard/node_modules/sequelize/lib/model.js:1111:10)[39m
[31m    at wallets.findOne (/home/puppetmaster/Desktop/projects/jobBoard/node_modules/sequelize/lib/model.js:1240:23)[39m
[2023-10-14 17:45:38:4538] [31merror[39m: [31mNot found: wallet not found[39m
[31m    at new BaseError (file:///home/puppetmaster/Desktop/projects/jobBoard/app/config/error.js:10:11)[39m
[31m    at new APIError (file:///home/puppetmaster/Desktop/projects/jobBoard/app/config/error.js:21:5)[39m
[31m    at Object.fetchWallet (file:///home/puppetmaster/Desktop/projects/jobBoard/app/services/wallets.service.js:12:11)[39m
[31m    at process.processTicksAndRejections (node:internal/process/task_queues:95:5)[39m
[31m    at async file:///home/puppetmaster/Desktop/projects/jobBoard/app/controllers/wallets.controller.js:10:18[39m
[2023-10-14 17:46:01:461] [31merror[39m: [31mNot found: wallet not found[39m
[31m    at new BaseError (file:///home/puppetmaster/Desktop/projects/jobBoard/app/config/error.js:10:11)[39m
[31m    at new APIError (file:///home/puppetmaster/Desktop/projects/jobBoard/app/config/error.js:21:5)[39m
[31m    at Object.fetchWallet (file:///home/puppetmaster/Desktop/projects/jobBoard/app/services/wallets.service.js:12:11)[39m
[31m    at process.processTicksAndRejections (node:internal/process/task_queues:95:5)[39m
[31m    at async file:///home/puppetmaster/Desktop/projects/jobBoard/app/controllers/wallets.controller.js:10:18[39m
[2023-10-14 17:48:52:4852] [31merror[39m: [31mNot found: wallet not found[39m
[31m    at new BaseError (file:///home/puppetmaster/Desktop/projects/jobBoard/app/config/error.js:10:11)[39m
[31m    at new APIError (file:///home/puppetmaster/Desktop/projects/jobBoard/app/config/error.js:21:5)[39m
[31m    at Object.fetchWallet (file:///home/puppetmaster/Desktop/projects/jobBoard/app/services/wallets.service.js:12:11)[39m
[31m    at process.processTicksAndRejections (node:internal/process/task_queues:95:5)[39m
[31m    at async file:///home/puppetmaster/Desktop/projects/jobBoard/app/controllers/wallets.controller.js:10:18[39m
[2023-10-14 17:49:27:4927] [31merror[39m: [31mNot found: wallet not found[39m
[31m    at new BaseError (file:///home/puppetmaster/Desktop/projects/jobBoard/app/config/error.js:10:11)[39m
[31m    at new APIError (file:///home/puppetmaster/Desktop/projects/jobBoard/app/config/error.js:21:5)[39m
[31m    at Object.fetchWallet (file:///home/puppetmaster/Desktop/projects/jobBoard/app/services/wallets.service.js:12:11)[39m
[31m    at process.processTicksAndRejections (node:internal/process/task_queues:95:5)[39m
[31m    at async file:///home/puppetmaster/Desktop/projects/jobBoard/app/controllers/wallets.controller.js:10:18[39m
[2023-10-14 17:59:09:599] [31merror[39m: [31mSequelizeValidationError: notNull Violation: transactions.type cannot be null[39m
[31m    at InstanceValidator._validate (/home/puppetmaster/Desktop/projects/jobBoard/node_modules/sequelize/lib/instance-validator.js:50:13)[39m
[31m    at process.processTicksAndRejections (node:internal/process/task_queues:95:5)[39m
[31m    at async InstanceValidator._validateAndRunHooks (/home/puppetmaster/Desktop/projects/jobBoard/node_modules/sequelize/lib/instance-validator.js:60:7)[39m
[31m    at async InstanceValidator.validate (/home/puppetmaster/Desktop/projects/jobBoard/node_modules/sequelize/lib/instance-validator.js:54:12)[39m
[31m    at async model.save (/home/puppetmaster/Desktop/projects/jobBoard/node_modules/sequelize/lib/model.js:2426:7)[39m
[31m    at async transactions.create (/home/puppetmaster/Desktop/projects/jobBoard/node_modules/sequelize/lib/model.js:1362:12)[39m
[31m    at async Object.newTransaction (file:///home/puppetmaster/Desktop/projects/jobBoard/app/services/transactions.service.js:6:26)[39m
[31m    at async file:///home/puppetmaster/Desktop/projects/jobBoard/app/controllers/wallets.controller.js:16:3[39m
[2023-10-14 18:03:20:320] [31merror[39m: [31mTypeError: Cannot read properties of null (reading 'balance')[39m
[31m    at transactions.<anonymous> (file:///home/puppetmaster/Desktop/projects/jobBoard/app/models/transactions.models.js:49:22)[39m
[31m    at process.processTicksAndRejections (node:internal/process/task_queues:95:5)[39m
[31m    at async transactions.runHooks (/home/puppetmaster/Desktop/projects/jobBoard/node_modules/sequelize/lib/hooks.js:96:7)[39m
[31m    at async model.save (/home/puppetmaster/Desktop/projects/jobBoard/node_modules/sequelize/lib/model.js:2436:7)[39m
[31m    at async transactions.create (/home/puppetmaster/Desktop/projects/jobBoard/node_modules/sequelize/lib/model.js:1362:12)[39m
[31m    at async Object.newTransaction (file:///home/puppetmaster/Desktop/projects/jobBoard/app/services/transactions.service.js:6:26)[39m
[31m    at async file:///home/puppetmaster/Desktop/projects/jobBoard/app/controllers/wallets.controller.js:16:3[39m
[2023-10-14 18:03:46:346] [31merror[39m: [31mTypeError: Cannot read properties of null (reading 'balance')[39m
[31m    at transactions.<anonymous> (file:///home/puppetmaster/Desktop/projects/jobBoard/app/models/transactions.models.js:49:22)[39m
[31m    at process.processTicksAndRejections (node:internal/process/task_queues:95:5)[39m
[31m    at async transactions.runHooks (/home/puppetmaster/Desktop/projects/jobBoard/node_modules/sequelize/lib/hooks.js:96:7)[39m
[31m    at async model.save (/home/puppetmaster/Desktop/projects/jobBoard/node_modules/sequelize/lib/model.js:2436:7)[39m
[31m    at async transactions.create (/home/puppetmaster/Desktop/projects/jobBoard/node_modules/sequelize/lib/model.js:1362:12)[39m
[31m    at async Object.newTransaction (file:///home/puppetmaster/Desktop/projects/jobBoard/app/services/transactions.service.js:6:26)[39m
[31m    at async file:///home/puppetmaster/Desktop/projects/jobBoard/app/controllers/wallets.controller.js:16:3[39m
[2023-10-14 18:06:48:648] [31merror[39m: [31mTypeError: Cannot read properties of null (reading 'balance')[39m
[31m    at transactions.<anonymous> (file:///home/puppetmaster/Desktop/projects/jobBoard/app/models/transactions.models.js:49:22)[39m
[31m    at process.processTicksAndRejections (node:internal/process/task_queues:95:5)[39m
[31m    at async transactions.runHooks (/home/puppetmaster/Desktop/projects/jobBoard/node_modules/sequelize/lib/hooks.js:96:7)[39m
[31m    at async model.save (/home/puppetmaster/Desktop/projects/jobBoard/node_modules/sequelize/lib/model.js:2436:7)[39m
[31m    at async transactions.create (/home/puppetmaster/Desktop/projects/jobBoard/node_modules/sequelize/lib/model.js:1362:12)[39m
[31m    at async Object.newTransaction (file:///home/puppetmaster/Desktop/projects/jobBoard/app/services/transactions.service.js:6:26)[39m
[31m    at async file:///home/puppetmaster/Desktop/projects/jobBoard/app/controllers/wallets.controller.js:16:3[39m
[2023-10-14 18:15:50:1550] [31merror[39m: [31mTypeError: Cannot read properties of null (reading 'balance')[39m
[31m    at transactions.<anonymous> (file:///home/puppetmaster/Desktop/projects/jobBoard/app/models/transactions.models.js:49:39)[39m
[31m    at process.processTicksAndRejections (node:internal/process/task_queues:95:5)[39m
[31m    at async transactions.runHooks (/home/puppetmaster/Desktop/projects/jobBoard/node_modules/sequelize/lib/hooks.js:96:7)[39m
[31m    at async model.save (/home/puppetmaster/Desktop/projects/jobBoard/node_modules/sequelize/lib/model.js:2436:7)[39m
[31m    at async transactions.create (/home/puppetmaster/Desktop/projects/jobBoard/node_modules/sequelize/lib/model.js:1362:12)[39m
[31m    at async Object.newTransaction (file:///home/puppetmaster/Desktop/projects/jobBoard/app/services/transactions.service.js:6:26)[39m
[31m    at async file:///home/puppetmaster/Desktop/projects/jobBoard/app/controllers/wallets.controller.js:16:3[39m
[2023-10-14 18:23:30:2330] [31merror[39m: [31mTypeError: Cannot read properties of null (reading 'balance')[39m
[31m    at transactions.<anonymous> (file:///home/puppetmaster/Desktop/projects/jobBoard/app/models/transactions.models.js:51:22)[39m
[31m    at process.processTicksAndRejections (node:internal/process/task_queues:95:5)[39m
[31m    at async transactions.runHooks (/home/puppetmaster/Desktop/projects/jobBoard/node_modules/sequelize/lib/hooks.js:96:7)[39m
[31m    at async model.save (/home/puppetmaster/Desktop/projects/jobBoard/node_modules/sequelize/lib/model.js:2436:7)[39m
[31m    at async transactions.create (/home/puppetmaster/Desktop/projects/jobBoard/node_modules/sequelize/lib/model.js:1362:12)[39m
[31m    at async Object.newTransaction (file:///home/puppetmaster/Desktop/projects/jobBoard/app/services/transactions.service.js:6:26)[39m
[31m    at async file:///home/puppetmaster/Desktop/projects/jobBoard/app/controllers/wallets.controller.js:16:3[39m
[2023-10-14 18:25:53:2553] [31merror[39m: [31mTypeError: Cannot read properties of null (reading 'balance')[39m
[31m    at transactions.<anonymous> (file:///home/puppetmaster/Desktop/projects/jobBoard/app/models/transactions.models.js:52:22)[39m
[31m    at process.processTicksAndRejections (node:internal/process/task_queues:95:5)[39m
[31m    at async transactions.runHooks (/home/puppetmaster/Desktop/projects/jobBoard/node_modules/sequelize/lib/hooks.js:96:7)[39m
[31m    at async model.save (/home/puppetmaster/Desktop/projects/jobBoard/node_modules/sequelize/lib/model.js:2436:7)[39m
[31m    at async transactions.create (/home/puppetmaster/Desktop/projects/jobBoard/node_modules/sequelize/lib/model.js:1362:12)[39m
[31m    at async Object.newTransaction (file:///home/puppetmaster/Desktop/projects/jobBoard/app/services/transactions.service.js:6:26)[39m
[31m    at async file:///home/puppetmaster/Desktop/projects/jobBoard/app/controllers/wallets.controller.js:16:3[39m
[2023-10-14 18:29:46:2946] [31merror[39m: [31mSequelizeConnectionAcquireTimeoutError: Operation timeout[39m
[31m    at ConnectionManager.getConnection (/home/puppetmaster/Desktop/projects/jobBoard/node_modules/sequelize/lib/dialects/abstract/connection-manager.js:206:15)[39m
[31m    at async /home/puppetmaster/Desktop/projects/jobBoard/node_modules/sequelize/lib/sequelize.js:305:26[39m
[31m    at async PostgresQueryInterface.select (/home/puppetmaster/Desktop/projects/jobBoard/node_modules/sequelize/lib/dialects/abstract/query-interface.js:407:12)[39m
[31m    at async wallets.findAll (/home/puppetmaster/Desktop/projects/jobBoard/node_modules/sequelize/lib/model.js:1140:21)[39m
[31m    at async wallets.findOne (/home/puppetmaster/Desktop/projects/jobBoard/node_modules/sequelize/lib/model.js:1240:12)[39m
[31m    at async wallets.findByPk (/home/puppetmaster/Desktop/projects/jobBoard/node_modules/sequelize/lib/model.js:1221:12)[39m
[31m    at async transactions.<anonymous> (file:///home/puppetmaster/Desktop/projects/jobBoard/app/models/transactions.models.js:48:26)[39m
[31m    at async transactions.runHooks (/home/puppetmaster/Desktop/projects/jobBoard/node_modules/sequelize/lib/hooks.js:96:7)[39m
[31m    at async model.save (/home/puppetmaster/Desktop/projects/jobBoard/node_modules/sequelize/lib/model.js:2436:7)[39m
[31m    at async transactions.create (/home/puppetmaster/Desktop/projects/jobBoard/node_modules/sequelize/lib/model.js:1362:12)[39m
[2023-10-14 18:40:14:4014] [31merror[39m: [31mSequelizeConnectionAcquireTimeoutError: Operation timeout[39m
[31m    at ConnectionManager.getConnection (/home/puppetmaster/Desktop/projects/jobBoard/node_modules/sequelize/lib/dialects/abstract/connection-manager.js:206:15)[39m
[31m    at async /home/puppetmaster/Desktop/projects/jobBoard/node_modules/sequelize/lib/sequelize.js:305:26[39m
[31m    at async PostgresQueryInterface.select (/home/puppetmaster/Desktop/projects/jobBoard/node_modules/sequelize/lib/dialects/abstract/query-interface.js:407:12)[39m
[31m    at async wallets.findAll (/home/puppetmaster/Desktop/projects/jobBoard/node_modules/sequelize/lib/model.js:1140:21)[39m
[31m    at async wallets.findOne (/home/puppetmaster/Desktop/projects/jobBoard/node_modules/sequelize/lib/model.js:1240:12)[39m
[31m    at async wallets.findByPk (/home/puppetmaster/Desktop/projects/jobBoard/node_modules/sequelize/lib/model.js:1221:12)[39m
[31m    at async transactions.<anonymous> (file:///home/puppetmaster/Desktop/projects/jobBoard/app/models/transactions.models.js:48:26)[39m
[31m    at async transactions.runHooks (/home/puppetmaster/Desktop/projects/jobBoard/node_modules/sequelize/lib/hooks.js:96:7)[39m
[31m    at async model.save (/home/puppetmaster/Desktop/projects/jobBoard/node_modules/sequelize/lib/model.js:2436:7)[39m
[31m    at async transactions.create (/home/puppetmaster/Desktop/projects/jobBoard/node_modules/sequelize/lib/model.js:1362:12)[39m
[2023-10-14 18:46:56:4656] [31merror[39m: [31mSequelizeConnectionAcquireTimeoutError: Operation timeout[39m
[31m    at ConnectionManager.getConnection (/home/puppetmaster/Desktop/projects/jobBoard/node_modules/sequelize/lib/dialects/abstract/connection-manager.js:206:15)[39m
[31m    at async /home/puppetmaster/Desktop/projects/jobBoard/node_modules/sequelize/lib/sequelize.js:305:26[39m
[31m    at async PostgresQueryInterface.select (/home/puppetmaster/Desktop/projects/jobBoard/node_modules/sequelize/lib/dialects/abstract/query-interface.js:407:12)[39m
[31m    at async wallets.findAll (/home/puppetmaster/Desktop/projects/jobBoard/node_modules/sequelize/lib/model.js:1140:21)[39m
[31m    at async wallets.findOne (/home/puppetmaster/Desktop/projects/jobBoard/node_modules/sequelize/lib/model.js:1240:12)[39m
[31m    at async wallets.findByPk (/home/puppetmaster/Desktop/projects/jobBoard/node_modules/sequelize/lib/model.js:1221:12)[39m
[31m    at async transactions.<anonymous> (file:///home/puppetmaster/Desktop/projects/jobBoard/app/models/transactions.models.js:50:28)[39m
[31m    at async transactions.runHooks (/home/puppetmaster/Desktop/projects/jobBoard/node_modules/sequelize/lib/hooks.js:96:7)[39m
[31m    at async model.save (/home/puppetmaster/Desktop/projects/jobBoard/node_modules/sequelize/lib/model.js:2436:7)[39m
[31m    at async transactions.create (/home/puppetmaster/Desktop/projects/jobBoard/node_modules/sequelize/lib/model.js:1362:12)[39m
[2023-10-14 23:23:06:236] [31merror[39m: [31mInternal Server Error: amount is not defined[39m
[31m    at new BaseError (file:///home/puppetmaster/Desktop/projects/jobBoard/app/config/error.js:10:11)[39m
[31m    at new APIError (file:///home/puppetmaster/Desktop/projects/jobBoard/app/config/error.js:21:5)[39m
[31m    at Object.createTransaction (file:///home/puppetmaster/Desktop/projects/jobBoard/app/services/transactions.service.js:93:11)[39m
[31m    at process.processTicksAndRejections (node:internal/process/task_queues:95:5)[39m
[31m    at async file:///home/puppetmaster/Desktop/projects/jobBoard/app/controllers/wallets.controller.js:16:3[39m
